# JRE version: Java(TM) SE Runtime Environment (8.0_171-b11) (build 1.8.0_171-b11)
# Java VM: Java HotSpot(TM) 64-Bit Server VM (25.171-b11 mixed mode windows-amd64 compressed oops)
Heap:
 PSYoungGen      total 228352K, used 64361K [0x000000078ab00000, 0x000000079fb00000, 0x00000007c0000000)
  eden space 212992K, 30% used [0x000000078ab00000,0x000000078e9da600,0x0000000797b00000)
  from space 15360K, 0% used [0x0000000797b00000,0x0000000797b00000,0x0000000798a00000)
  to   space 14848K, 0% used [0x000000079ec80000,0x000000079ec80000,0x000000079fb00000)
 ParOldGen       total 97792K, used 28010K [0x0000000720000000, 0x0000000725f80000, 0x000000078ab00000)
  object space 97792K, 28% used [0x0000000720000000,0x0000000721b5aad8,0x0000000725f80000)
 Metaspace       used 38851K, capacity 39340K, committed 39680K, reserved 1083392K
  class space    used 4965K, capacity 5119K, committed 5120K, reserved 1048576K
GC Heap History (10 events):
Event: 58.051 GC heap before
{Heap before GC invocations=9 (full 1):
 PSYoungGen      total 90112K, used 81920K [0x000000078ab00000, 0x0000000795b00000, 0x00000007c0000000)
  eden space 81920K, 100% used [0x000000078ab00000,0x000000078fb00000,0x000000078fb00000)
  from space 8192K, 0% used [0x000000078fb00000,0x000000078fb00000,0x0000000790300000)
  to   space 8192K, 0% used [0x0000000795300000,0x0000000795300000,0x0000000795b00000)
 ParOldGen       total 60928K, used 10274K [0x0000000720000000, 0x0000000723b80000, 0x000000078ab00000)
  object space 60928K, 16% used [0x0000000720000000,0x0000000720a08a18,0x0000000723b80000)
 Metaspace       used 26648K, capacity 26996K, committed 27264K, reserved 1073152K
  class space    used 3556K, capacity 3681K, committed 3712K, reserved 1048576K
Event: 58.077 GC heap after
Heap after GC invocations=9 (full 1):
 PSYoungGen      total 154624K, used 5963K [0x000000078ab00000, 0x0000000795900000, 0x00000007c0000000)
  eden space 148480K, 0% used [0x000000078ab00000,0x000000078ab00000,0x0000000793c00000)
  from space 6144K, 97% used [0x0000000795300000,0x00000007958d2fb0,0x0000000795900000)
  to   space 8192K, 0% used [0x0000000794900000,0x0000000794900000,0x0000000795100000)
 ParOldGen       total 60928K, used 10282K [0x0000000720000000, 0x0000000723b80000, 0x000000078ab00000)
  object space 60928K, 16% used [0x0000000720000000,0x0000000720a0aa18,0x0000000723b80000)
 Metaspace       used 26648K, capacity 26996K, committed 27264K, reserved 1073152K
  class space    used 3556K, capacity 3681K, committed 3712K, reserved 1048576K
}
Event: 68.544 GC heap before
{Heap before GC invocations=10 (full 1):
 PSYoungGen      total 154624K, used 154443K [0x000000078ab00000, 0x0000000795900000, 0x00000007c0000000)
  eden space 148480K, 100% used [0x000000078ab00000,0x0000000793c00000,0x0000000793c00000)
  from space 6144K, 97% used [0x0000000795300000,0x00000007958d2fb0,0x0000000795900000)
  to   space 8192K, 0% used [0x0000000794900000,0x0000000794900000,0x0000000795100000)
 ParOldGen       total 60928K, used 10282K [0x0000000720000000, 0x0000000723b80000, 0x000000078ab00000)
  object space 60928K, 16% used [0x0000000720000000,0x0000000720a0aa18,0x0000000723b80000)
 Metaspace       used 31083K, capacity 31470K, committed 31872K, reserved 1077248K
  class space    used 4032K, capacity 4138K, committed 4224K, reserved 1048576K
Event: 68.599 GC heap after
Heap after GC invocations=10 (full 1):
 PSYoungGen      total 169984K, used 8170K [0x000000078ab00000, 0x0000000799480000, 0x00000007c0000000)
  eden space 161792K, 0% used [0x000000078ab00000,0x000000078ab00000,0x0000000794900000)
  from space 8192K, 99% used [0x0000000794900000,0x00000007950fa898,0x0000000795100000)
  to   space 10752K, 0% used [0x0000000798a00000,0x0000000798a00000,0x0000000799480000)
 ParOldGen       total 60928K, used 15865K [0x0000000720000000, 0x0000000723b80000, 0x000000078ab00000)
  object space 60928K, 26% used [0x0000000720000000,0x0000000720f7e5c8,0x0000000723b80000)
 Metaspace       used 31083K, capacity 31470K, committed 31872K, reserved 1077248K
  class space    used 4032K, capacity 4138K, committed 4224K, reserved 1048576K
}
Event: 73.742 GC heap before
{Heap before GC invocations=11 (full 1):
 PSYoungGen      total 169984K, used 169962K [0x000000078ab00000, 0x0000000799480000, 0x00000007c0000000)
  eden space 161792K, 100% used [0x000000078ab00000,0x0000000794900000,0x0000000794900000)
  from space 8192K, 99% used [0x0000000794900000,0x00000007950fa898,0x0000000795100000)
  to   space 10752K, 0% used [0x0000000798a00000,0x0000000798a00000,0x0000000799480000)
 ParOldGen       total 60928K, used 15865K [0x0000000720000000, 0x0000000723b80000, 0x000000078ab00000)
  object space 60928K, 26% used [0x0000000720000000,0x0000000720f7e5c8,0x0000000723b80000)
 Metaspace       used 32075K, capacity 32474K, committed 32768K, reserved 1077248K
  class space    used 4155K, capacity 4300K, committed 4352K, reserved 1048576K
Event: 73.779 GC heap after
Heap after GC invocations=11 (full 1):
 PSYoungGen      total 223744K, used 10736K [0x000000078ab00000, 0x000000079ae00000, 0x00000007c0000000)
  eden space 212992K, 0% used [0x000000078ab00000,0x000000078ab00000,0x0000000797b00000)
  from space 10752K, 99% used [0x0000000798a00000,0x000000079947c0c0,0x0000000799480000)
  to   space 15360K, 0% used [0x0000000797b00000,0x0000000797b00000,0x0000000798a00000)
 ParOldGen       total 60928K, used 25385K [0x0000000720000000, 0x0000000723b80000, 0x000000078ab00000)
  object space 60928K, 41% used [0x0000000720000000,0x00000007218ca578,0x0000000723b80000)
 Metaspace       used 32075K, capacity 32474K, committed 32768K, reserved 1077248K
  class space    used 4155K, capacity 4300K, committed 4352K, reserved 1048576K
}
Event: 81.134 GC heap before
{Heap before GC invocations=12 (full 1):
 PSYoungGen      total 223744K, used 107563K [0x000000078ab00000, 0x000000079ae00000, 0x00000007c0000000)
  eden space 212992K, 45% used [0x000000078ab00000,0x000000079098eee0,0x0000000797b00000)
  from space 10752K, 99% used [0x0000000798a00000,0x000000079947c0c0,0x0000000799480000)
  to   space 15360K, 0% used [0x0000000797b00000,0x0000000797b00000,0x0000000798a00000)
 ParOldGen       total 60928K, used 25385K [0x0000000720000000, 0x0000000723b80000, 0x000000078ab00000)
  object space 60928K, 41% used [0x0000000720000000,0x00000007218ca578,0x0000000723b80000)
 Metaspace       used 34776K, capacity 35174K, committed 35416K, reserved 1081344K
  class space    used 4463K, capacity 4606K, committed 4608K, reserved 1048576K
Event: 81.347 GC heap after
Heap after GC invocations=12 (full 1):
 PSYoungGen      total 228352K, used 6576K [0x000000078ab00000, 0x000000079fb00000, 0x00000007c0000000)
  eden space 212992K, 0% used [0x000000078ab00000,0x000000078ab00000,0x0000000797b00000)
  from space 15360K, 42% used [0x0000000797b00000,0x000000079816c010,0x0000000798a00000)
  to   space 14848K, 0% used [0x000000079ec80000,0x000000079ec80000,0x000000079fb00000)
 ParOldGen       total 60928K, used 31280K [0x0000000720000000, 0x0000000723b80000, 0x000000078ab00000)
  object space 60928K, 51% used [0x0000000720000000,0x0000000721e8c3a8,0x0000000723b80000)
 Metaspace       used 34776K, capacity 35174K, committed 35416K, reserved 1081344K
  class space    used 4463K, capacity 4606K, committed 4608K, reserved 1048576K
}
Event: 81.347 GC heap before
{Heap before GC invocations=13 (full 2):
 PSYoungGen      total 228352K, used 6576K [0x000000078ab00000, 0x000000079fb00000, 0x00000007c0000000)
  eden space 212992K, 0% used [0x000000078ab00000,0x000000078ab00000,0x0000000797b00000)
  from space 15360K, 42% used [0x0000000797b00000,0x000000079816c010,0x0000000798a00000)
  to   space 14848K, 0% used [0x000000079ec80000,0x000000079ec80000,0x000000079fb00000)
 ParOldGen       total 60928K, used 31280K [0x0000000720000000, 0x0000000723b80000, 0x000000078ab00000)
  object space 60928K, 51% used [0x0000000720000000,0x0000000721e8c3a8,0x0000000723b80000)
 Metaspace       used 34776K, capacity 35174K, committed 35416K, reserved 1081344K
  class space    used 4463K, capacity 4606K, committed 4608K, reserved 1048576K
Event: 81.703 GC heap after
Heap after GC invocations=13 (full 2):
 PSYoungGen      total 228352K, used 0K [0x000000078ab00000, 0x000000079fb00000, 0x00000007c0000000)
  eden space 212992K, 0% used [0x000000078ab00000,0x000000078ab00000,0x0000000797b00000)
  from space 15360K, 0% used [0x0000000797b00000,0x0000000797b00000,0x0000000798a00000)
  to   space 14848K, 0% used [0x000000079ec80000,0x000000079ec80000,0x000000079fb00000)
 ParOldGen       total 97792K, used 28010K [0x0000000720000000, 0x0000000725f80000, 0x000000078ab00000)
  object space 97792K, 28% used [0x0000000720000000,0x0000000721b5aad8,0x0000000725f80000)
 Metaspace       used 34776K, capacity 35174K, committed 35416K, reserved 1081344K
  class space    used 4463K, capacity 4606K, committed 4608K, reserved 1048576K
}

